<?xml version="1.0" encoding="UTF-8"?>
<!-- Generated by org.testng.reporters.JUnitReportReporter -->
<testsuite hostname="Subathra" failures="0" tests="1" name="PageObjectModel.PlaceOrderEndToEnd" time="10.103" errors="0" timestamp="2025-01-08T13:07:18 GMT" skipped="0">
  <testcase classname="PageObjectModel.PlaceOrderEndToEnd" name="PlaceOrder" time="10.103"/>
</testsuite> <!-- PageObjectModel.PlaceOrderEndToEnd -->
