<?xml version="1.0" encoding="UTF-8"?>
<!-- Generated by org.testng.reporters.JUnitReportReporter -->
<testsuite hostname="Subathra" failures="0" tests="2" name="PageObjectModel.ErrorValidation" time="12.461" errors="0" timestamp="2025-01-09T10:44:02 GMT" skipped="0">
  <testcase classname="PageObjectModel.ErrorValidation" name="ErrorValidationEmail" time="5.967"/>
  <testcase classname="PageObjectModel.ErrorValidation" name="ErrorValidationPassword" time="6.494"/>
</testsuite> <!-- PageObjectModel.ErrorValidation -->
