<?xml version="1.0" encoding="UTF-8"?>
<!-- Generated by org.testng.reporters.JUnitReportReporter -->
<testsuite hostname="Subathra" failures="0" tests="4" name="TestCases.PlaceOrderEndToEndTest" time="32.718" errors="0" timestamp="2025-01-12T09:35:14 GMT" skipped="0">
  <testcase classname="TestCases.PlaceOrderEndToEndTest" name="PlaceOrder" time="10.274"/>
  <testcase classname="TestCases.PlaceOrderEndToEndTest" name="PlaceOrder" time="10.657"/>
  <testcase classname="TestCases.PlaceOrderEndToEndTest" name="OrderHistoryTest" time="5.649"/>
  <testcase classname="TestCases.PlaceOrderEndToEndTest" name="OrderHistoryTest" time="6.138"/>
</testsuite> <!-- TestCases.PlaceOrderEndToEndTest -->
