<?xml version="1.0" encoding="UTF-8"?>
<!-- Generated by org.testng.reporters.JUnitReportReporter -->
<testsuite hostname="Subathra" failures="0" tests="1" name="PageObjectModel.APlaceOrderEndToEndTest" time="12.311" errors="0" timestamp="2025-01-09T10:48:29 GMT" skipped="0">
  <testcase classname="PageObjectModel.APlaceOrderEndToEndTest" name="PlaceOrder" time="12.311"/>
</testsuite> <!-- PageObjectModel.APlaceOrderEndToEndTest -->
