<?xml version="1.0" encoding="UTF-8"?>
<!-- Generated by org.testng.reporters.JUnitReportReporter -->
<testsuite hostname="Subathra" failures="0" tests="1" name="PageObjectModel.APlaceOrderEndToEnd" time="11.556" errors="0" timestamp="2025-01-09T10:44:02 GMT" skipped="0">
  <testcase classname="PageObjectModel.APlaceOrderEndToEnd" name="PlaceOrder" time="11.556"/>
</testsuite> <!-- PageObjectModel.APlaceOrderEndToEnd -->
