<?xml version="1.0" encoding="UTF-8"?>
<!-- Generated by org.testng.reporters.JUnitReportReporter -->
<testsuite hostname="Subathra" failures="0" tests="2" name="TestCases.ErrorValidationTest" time="12.346" errors="0" timestamp="2025-01-12T09:35:14 GMT" skipped="0">
  <testcase classname="TestCases.ErrorValidationTest" name="ErrorValidationPassword" time="5.658"/>
  <testcase classname="TestCases.ErrorValidationTest" name="ErrorValidationEmail" time="6.688"/>
</testsuite> <!-- TestCases.ErrorValidationTest -->
