<?xml version="1.0" encoding="UTF-8"?>
<!-- Generated by org.testng.reporters.JUnitReportReporter -->
<testsuite hostname="Subathra" failures="0" tests="1" name="ExtentReportDemo" time="10.054" errors="0" timestamp="2025-03-20T23:33:22 GMT" skipped="0">
  <testcase classname="ExtentReportDemo" name="DemoTest" time="10.054"/>
</testsuite> <!-- ExtentReportDemo -->
