<?xml version="1.0" encoding="UTF-8"?>
<!-- Generated by org.testng.reporters.JUnitReportReporter -->
<testsuite hostname="Subathra" failures="0" tests="4" name="TestCases.PlaceOrderEndToEndTest" time="58.721" errors="0" timestamp="2025-03-28T12:21:45 GMT" skipped="0">
  <testcase classname="TestCases.PlaceOrderEndToEndTest" name="OrderHistoryTest" time="12.553"/>
  <testcase classname="TestCases.PlaceOrderEndToEndTest" name="PlaceOrder" time="17.366"/>
  <testcase classname="TestCases.PlaceOrderEndToEndTest" name="PlaceOrder" time="16.316"/>
  <testcase classname="TestCases.PlaceOrderEndToEndTest" name="OrderHistoryTest" time="12.486"/>
</testsuite> <!-- TestCases.PlaceOrderEndToEndTest -->
