<?xml version="1.0" encoding="UTF-8"?>
<!-- Generated by org.testng.reporters.JUnitReportReporter -->
<testsuite hostname="Subathra" failures="0" tests="2" name="PageObjectModel.ErrorValidationTest" time="13.196" errors="0" timestamp="2025-01-09T10:48:29 GMT" skipped="0">
  <testcase classname="PageObjectModel.ErrorValidationTest" name="ErrorValidationEmail" time="7.072"/>
  <testcase classname="PageObjectModel.ErrorValidationTest" name="ErrorValidationPassword" time="6.124"/>
</testsuite> <!-- PageObjectModel.ErrorValidationTest -->
